This is pdfTeX, Version 3.1415926-2.5-1.40.14 (TeX Live 2013/Arch Linux) (format=pdflatex 2013.9.13)  6 DEC 2013 09:39
entering extended mode
 restricted \write18 enabled.
 %&-line parsing enabled.
**geometryBook.tex
(./geometryBook.tex
LaTeX2e <2011/06/27>
Babel <3.9f> and hyphenation patterns for 78 languages loaded.
(/usr/share/texmf-dist/tex/latex/base/article.cls
Document Class: article 2007/10/19 v1.4h Standard LaTeX document class
(/usr/share/texmf-dist/tex/latex/base/size10.clo
File: size10.clo 2007/10/19 v1.4h Standard LaTeX file (size option)
)
\c@part=\count79
\c@section=\count80
\c@subsection=\count81
\c@subsubsection=\count82
\c@paragraph=\count83
\c@subparagraph=\count84
\c@figure=\count85
\c@table=\count86
\abovecaptionskip=\skip41
\belowcaptionskip=\skip42
\bibindent=\dimen102
)
(/usr/share/texmf-dist/tex/latex/amsfonts/amsfonts.sty
Package: amsfonts 2013/01/14 v3.01 Basic AMSFonts support
\@emptytoks=\toks14
\symAMSa=\mathgroup4
\symAMSb=\mathgroup5
LaTeX Font Info:    Overwriting math alphabet `\mathfrak' in version `bold'
(Font)                  U/euf/m/n --> U/euf/b/n on input line 106.
)
(/usr/share/texmf-dist/tex/latex/amsmath/amsmath.sty
Package: amsmath 2013/01/14 v2.14 AMS math features
\@mathmargin=\skip43

For additional information on amsmath, use the `?' option.
(/usr/share/texmf-dist/tex/latex/amsmath/amstext.sty
Package: amstext 2000/06/29 v2.01

(/usr/share/texmf-dist/tex/latex/amsmath/amsgen.sty
File: amsgen.sty 1999/11/30 v2.0
\@emptytoks=\toks15
\ex@=\dimen103
))
(/usr/share/texmf-dist/tex/latex/amsmath/amsbsy.sty
Package: amsbsy 1999/11/29 v1.2d
\pmbraise@=\dimen104
)
(/usr/share/texmf-dist/tex/latex/amsmath/amsopn.sty
Package: amsopn 1999/12/14 v2.01 operator names
)
\inf@bad=\count87
LaTeX Info: Redefining \frac on input line 210.
\uproot@=\count88
\leftroot@=\count89
LaTeX Info: Redefining \overline on input line 306.
\classnum@=\count90
\DOTSCASE@=\count91
LaTeX Info: Redefining \ldots on input line 378.
LaTeX Info: Redefining \dots on input line 381.
LaTeX Info: Redefining \cdots on input line 466.
\Mathstrutbox@=\box26
\strutbox@=\box27
\big@size=\dimen105
LaTeX Font Info:    Redeclaring font encoding OML on input line 566.
LaTeX Font Info:    Redeclaring font encoding OMS on input line 567.
\macc@depth=\count92
\c@MaxMatrixCols=\count93
\dotsspace@=\muskip10
\c@parentequation=\count94
\dspbrk@lvl=\count95
\tag@help=\toks16
\row@=\count96
\column@=\count97
\maxfields@=\count98
\andhelp@=\toks17
\eqnshift@=\dimen106
\alignsep@=\dimen107
\tagshift@=\dimen108
\tagwidth@=\dimen109
\totwidth@=\dimen110
\lineht@=\dimen111
\@envbody=\toks18
\multlinegap=\skip44
\multlinetaggap=\skip45
\mathdisplay@stack=\toks19
LaTeX Info: Redefining \[ on input line 2665.
LaTeX Info: Redefining \] on input line 2666.
)
(/usr/share/texmf-dist/tex/latex/amsfonts/amssymb.sty
Package: amssymb 2013/01/14 v3.01 AMS font symbols
)
(/usr/share/texmf-dist/tex/latex/graphics/graphicx.sty
Package: graphicx 1999/02/16 v1.0f Enhanced LaTeX Graphics (DPC,SPQR)

(/usr/share/texmf-dist/tex/latex/graphics/keyval.sty
Package: keyval 1999/03/16 v1.13 key=value parser (DPC)
\KV@toks@=\toks20
)
(/usr/share/texmf-dist/tex/latex/graphics/graphics.sty
Package: graphics 2009/02/05 v1.0o Standard LaTeX Graphics (DPC,SPQR)

(/usr/share/texmf-dist/tex/latex/graphics/trig.sty
Package: trig 1999/03/16 v1.09 sin cos tan (DPC)
)
(/usr/share/texmf-dist/tex/latex/latexconfig/graphics.cfg
File: graphics.cfg 2010/04/23 v1.9 graphics configuration of TeX Live
)
Package graphics Info: Driver file: pdftex.def on input line 91.

(/usr/share/texmf-dist/tex/latex/pdftex-def/pdftex.def
File: pdftex.def 2011/05/27 v0.06d Graphics/color for pdfTeX

(/usr/share/texmf-dist/tex/generic/oberdiek/infwarerr.sty
Package: infwarerr 2010/04/08 v1.3 Providing info/warning/error messages (HO)
)
(/usr/share/texmf-dist/tex/generic/oberdiek/ltxcmds.sty
Package: ltxcmds 2011/11/09 v1.22 LaTeX kernel commands for general use (HO)
)
\Gread@gobject=\count99
))
\Gin@req@height=\dimen112
\Gin@req@width=\dimen113
)
\c@theorem=\count100
 (./geometryBook.aux)
\openout1 = `geometryBook.aux'.

LaTeX Font Info:    Checking defaults for OML/cmm/m/it on input line 41.
LaTeX Font Info:    ... okay on input line 41.
LaTeX Font Info:    Checking defaults for T1/cmr/m/n on input line 41.
LaTeX Font Info:    ... okay on input line 41.
LaTeX Font Info:    Checking defaults for OT1/cmr/m/n on input line 41.
LaTeX Font Info:    ... okay on input line 41.
LaTeX Font Info:    Checking defaults for OMS/cmsy/m/n on input line 41.
LaTeX Font Info:    ... okay on input line 41.
LaTeX Font Info:    Checking defaults for OMX/cmex/m/n on input line 41.
LaTeX Font Info:    ... okay on input line 41.
LaTeX Font Info:    Checking defaults for U/cmr/m/n on input line 41.
LaTeX Font Info:    ... okay on input line 41.
 (/usr/share/texmf-dist/tex/context/base/supp-pdf.mkii
[Loading MPS to PDF converter (version 2006.09.02).]
\scratchcounter=\count101
\scratchdimen=\dimen114
\scratchbox=\box28
\nofMPsegments=\count102
\nofMParguments=\count103
\everyMPshowfont=\toks21
\MPscratchCnt=\count104
\MPscratchDim=\dimen115
\MPnumerator=\count105
\makeMPintoPDFobject=\count106
\everyMPtoPDFconversion=\toks22
) (/usr/share/texmf-dist/tex/generic/oberdiek/pdftexcmds.sty
Package: pdftexcmds 2011/11/29 v0.20 Utility functions of pdfTeX for LuaTeX (HO
)

(/usr/share/texmf-dist/tex/generic/oberdiek/ifluatex.sty
Package: ifluatex 2010/03/01 v1.3 Provides the ifluatex switch (HO)
Package ifluatex Info: LuaTeX not detected.
)
(/usr/share/texmf-dist/tex/generic/oberdiek/ifpdf.sty
Package: ifpdf 2011/01/30 v2.3 Provides the ifpdf switch (HO)
Package ifpdf Info: pdfTeX in PDF mode is detected.
)
Package pdftexcmds Info: LuaTeX not detected.
Package pdftexcmds Info: \pdf@primitive is available.
Package pdftexcmds Info: \pdf@ifprimitive is available.
Package pdftexcmds Info: \pdfdraftmode found.
)
(/usr/share/texmf-dist/tex/latex/oberdiek/epstopdf-base.sty
Package: epstopdf-base 2010/02/09 v2.5 Base part for package epstopdf

(/usr/share/texmf-dist/tex/latex/oberdiek/grfext.sty
Package: grfext 2010/08/19 v1.1 Manage graphics extensions (HO)

(/usr/share/texmf-dist/tex/generic/oberdiek/kvdefinekeys.sty
Package: kvdefinekeys 2011/04/07 v1.3 Define keys (HO)
))
(/usr/share/texmf-dist/tex/latex/oberdiek/kvoptions.sty
Package: kvoptions 2011/06/30 v3.11 Key value format for package options (HO)

(/usr/share/texmf-dist/tex/generic/oberdiek/kvsetkeys.sty
Package: kvsetkeys 2012/04/25 v1.16 Key value parser (HO)

(/usr/share/texmf-dist/tex/generic/oberdiek/etexcmds.sty
Package: etexcmds 2011/02/16 v1.5 Avoid name clashes with e-TeX commands (HO)
Package etexcmds Info: Could not find \expanded.
(etexcmds)             That can mean that you are not using pdfTeX 1.50 or
(etexcmds)             that some package has redefined \expanded.
(etexcmds)             In the latter case, load this package earlier.
)))
Package grfext Info: Graphics extension search list:
(grfext)             [.png,.pdf,.jpg,.mps,.jpeg,.jbig2,.jb2,.PNG,.PDF,.JPG,.JPE
G,.JBIG2,.JB2,.eps]
(grfext)             \AppendGraphicsExtensions on input line 452.

(/usr/share/texmf-dist/tex/latex/latexconfig/epstopdf-sys.cfg
File: epstopdf-sys.cfg 2010/07/13 v1.3 Configuration of (r)epstopdf for TeX Liv
e
))
LaTeX Font Info:    Try loading font information for U+msa on input line 47.

(/usr/share/texmf-dist/tex/latex/amsfonts/umsa.fd
File: umsa.fd 2013/01/14 v3.01 AMS symbols A
)
LaTeX Font Info:    Try loading font information for U+msb on input line 47.

(/usr/share/texmf-dist/tex/latex/amsfonts/umsb.fd
File: umsb.fd 2013/01/14 v3.01 AMS symbols B
) (./geometryBook.toc [1

{/var/lib/texmf/fonts/map/pdftex/updmap/pdftex.map}]
Overfull \hbox (3.2654pt too wide) in paragraph at lines 27--27
[]\OT1/cmr/bx/n/12 IV Usual and un-usual co-or-di-nates for three-dimensional 
 []

[2] [3])
\tf@toc=\write3
\openout3 = `geometryBook.toc'.

 [4]
Overfull \hbox (5.30136pt too wide) in paragraph at lines 54--65
\OT1/cmr/m/n/10 As a young math-e-mati-cian I was in-tro-duced to the clas-sic 
\OT1/cmr/m/it/10 Le^^Xcons sur la G^^Seom^^Setrie
 []

LaTeX Font Info:    Try loading font information for OMS+cmr on input line 66.
(/usr/share/texmf-dist/tex/latex/base/omscmr.fd
File: omscmr.fd 1999/05/25 v2.5h Standard LaTeX font definitions
)
LaTeX Font Info:    Font shape `OMS/cmr/m/n' in size <10> not available
(Font)              Font shape `OMS/cmsy/m/n' tried instead on input line 66.
 [5]
Overfull \hbox (9.19963pt too wide) in paragraph at lines 145--148
[]\OT1/cmr/m/n/10 The cor-re-spond-ing top-ics in these texts are ref-er-enced.
 For ex-am-ple, [MJG,311]
 []

[6] [7] [8] <MXAJBX00.png, id=44, 291.46252pt x 148.51088pt>
File: MXAJBX00.png Graphic file (type png)

<use MXAJBX00.png>
Package pdftex.def Info: MXAJBX00.png used on input line 368.
(pdftex.def)             Requested size: 295.0864pt x 151.32045pt.
 [9 <./MXAJBX00.png>] [10] [11]
LaTeX Font Info:    Font shape `OMS/cmr/m/it' in size <10> not available
(Font)              Font shape `OMS/cmsy/m/n' tried instead on input line 564.
 [12] [13] [14]
Overfull \hbox (43.14633pt too wide) in paragraph at lines 694--701
[]\OT1/cmr/m/it/10 Hint: In the carte-sian plane, con-struct a square with ver-
tices $[] \OML/cmm/m/it/10 ; [] ; []$
 []


Overfull \hbox (74.26839pt too wide) in paragraph at lines 694--701
\OT1/cmr/m/it/10 and $[]$. In-side that square, con-struct the square with ver-
tices $[] \OML/cmm/m/it/10 ; [] ; []$
 []

[15] [16] [17]
Overfull \hbox (4.8201pt too wide) in paragraph at lines 852--855
[]\OT1/cmr/m/it/10 (\OT1/cmr/bx/it/10 EG\OT1/cmr/m/it/10 ) De-note the mea-sure
 or area of a tri-an-gle $\OMS/cmsy/m/n/10 4\OML/cmm/m/it/10 ABC$ \OT1/cmr/m/it
/10 as $[]$.
 []

<MXAJBX01.png, id=75, 784.64572pt x 374.85098pt>
File: MXAJBX01.png Graphic file (type png)
 <use MXAJBX01.png>
Package pdftex.def Info: MXAJBX01.png used on input line 875.
(pdftex.def)             Requested size: 212.74315pt x 102.05763pt.

<MXAJBX02.png, id=76, 800.52924pt x 384.3811pt>
File: MXAJBX02.png Graphic file (type png)
 <use MXAJBX02.png>
Package pdftex.def Info: MXAJBX02.png used on input line 937.
(pdftex.def)             Requested size: 233.44232pt x 112.49992pt.
 [18 <./MXAJBX01.png>] <MXAJBX03.png, id=81, 784.64572pt x 378.0277pt>
File: MXAJBX03.png Graphic file (type png)
 <use MXAJBX03.png>
Package pdftex.def Info: MXAJBX03.png used on input line 980.
(pdftex.def)             Requested size: 240.37617pt x 116.25291pt.

[19 <./MXAJBX02.png> <./MXAJBX03.png>]
<MXAJBX04.png, id=88, 400.26462pt x 393.91121pt>
File: MXAJBX04.png Graphic file (type png)
 <use MXAJBX04.png>
Package pdftex.def Info: MXAJBX04.png used on input line 1017.
(pdftex.def)             Requested size: 96.93274pt x 95.43619pt.

<MXAJBY05.png, id=89, 501.91913pt x 409.79472pt>
File: MXAJBY05.png Graphic file (type png)
 <use MXAJBY05.png>
Package pdftex.def Info: MXAJBY05.png used on input line 1045.
(pdftex.def)             Requested size: 131.00136pt x 107.05685pt.

<MXAJBY06.png, id=90, 457.44528pt x 454.26857pt>
File: MXAJBY06.png Graphic file (type png)
 <use MXAJBY06.png>
Package pdftex.def Info: MXAJBY06.png used on input line 1074.
(pdftex.def)             Requested size: 119.30988pt x 114.74522pt.
 [20 <./MXAJBX04.png> <./MXAJBY05.png>] <MXAJBY07.png, id=96, 473.3288pt x 412.
97144pt>
File: MXAJBY07.png Graphic file (type png)

<use MXAJBY07.png>
Package pdftex.def Info: MXAJBY07.png used on input line 1103.
(pdftex.def)             Requested size: 124.43483pt x 108.62401pt.
 <MXAJBY08.png, id=97, 511.44923pt x 412.97144pt>
File: MXAJBY08.png Graphic file (type png)

<use MXAJBY08.png>
Package pdftex.def Info: MXAJBY08.png used on input line 1143.
(pdftex.def)             Requested size: 117.9352pt x 95.43512pt.
 [21 <./MXAJBY06.png> <./MXAJBY07.png> <./MXAJBY08.png>]
<MXAJBY09.png, id=104, 899.00703pt x 409.79472pt>
File: MXAJBY09.png Graphic file (type png)
 <use MXAJBY09.png>
Package pdftex.def Info: MXAJBY09.png used on input line 1170.
(pdftex.def)             Requested size: 209.8126pt x 96.00162pt.
 [22 <./MXAJBY09.png>] [23] [24] [25] <MXAJBY0A.png, id=119, 435.20836pt x 393.
91121pt>
File: MXAJBY0A.png Graphic file (type png)

<use MXAJBY0A.png>
Package pdftex.def Info: MXAJBY0A.png used on input line 1381.
(pdftex.def)             Requested size: 80.12047pt x 72.49977pt.
 <MXAJBZ0B.png, id=120, 848.17978pt x 486.0356pt>
File: MXAJBZ0B.png Graphic file (type png)

<use MXAJBZ0B.png>
Package pdftex.def Info: MXAJBZ0B.png used on input line 1431.
(pdftex.def)             Requested size: 142.1179pt x 81.74983pt.
 [26 <./MXAJBY0A.png> <./MXAJBZ0B.png>]
Overfull \hbox (17.39528pt too wide) in paragraph at lines 1486--1491
[]\OT1/cmr/m/n/10 Notice that Def-i-ni-tion 67[] is just a re-fine-ment of the 
def-i-ni-tion of $[]$
 []

<MXAJBZ0C.png, id=126, 1016.54506pt x 486.0356pt>
File: MXAJBZ0C.png Graphic file (type png)
 <use MXAJBZ0C.png>
Package pdftex.def Info: MXAJBZ0C.png used on input line 1508.
(pdftex.def)             Requested size: 148.30266pt x 71.12227pt.
 [27 <./MXAJBZ0C.png>] <MXAJBZ0D.png, id=131, 447.91516pt x 384.3811pt>
File: MXAJBZ0D.png Graphic file (type png)

<use MXAJBZ0D.png>
Package pdftex.def Info: MXAJBZ0D.png used on input line 1553.
(pdftex.def)             Requested size: 103.18234pt x 88.6228pt.
 [28 <./MXAJBZ0D.png>] [29]
<MXAJBZ0E.png, id=139, 517.80264pt x 444.73846pt>
File: MXAJBZ0E.png Graphic file (type png)
 <use MXAJBZ0E.png>
Package pdftex.def Info: MXAJBZ0E.png used on input line 1755.
(pdftex.def)             Requested size: 84.80956pt x 72.8765pt.

Overfull \hbox (11.28285pt too wide) in paragraph at lines 1774--1779
\OT1/cmr/m/it/10 the vol-ume $\OML/cmm/m/it/10 V$ \OT1/cmr/m/it/10 of the pyra-
mid is caught be-tween $[]$\OMS/cmsy/m/n/10 ^^A$[]$^^A$\OML/cmm/m/it/10 h$ \OT1
/cmr/m/it/10 and $[]$\OMS/cmsy/m/n/10 ^^A$[]$^^A$\OML/cmm/m/it/10 h$\OT1/cmr/m/
it/10 . 
 []

[30 <./MXAJBZ0E.png>] [31] <MXAJBZ0F.png, id=148, 355.79077pt x 225.54593pt>
File: MXAJBZ0F.png Graphic file (type png)

<use MXAJBZ0F.png>
Package pdftex.def Info: MXAJBZ0F.png used on input line 1848.
(pdftex.def)             Requested size: 70.61943pt x 44.9363pt.
 [32 <./MXAJBZ0F.png>]
<MXAJBZ0G.png, id=153, 400.26462pt x 435.20836pt>
File: MXAJBZ0G.png Graphic file (type png)
 <use MXAJBZ0G.png>
Package pdftex.def Info: MXAJBZ0G.png used on input line 1912.
(pdftex.def)             Requested size: 73.62637pt x 80.00095pt.

Overfull \hbox (8.80536pt too wide) in paragraph at lines 1937--1945
\OT1/cmr/m/it/10 at least if the slices are pretty thin. (Why?) Also the ap-pro
x-i-mate area $[]\OML/cmm/m/it/10 a []$
 []

<MXAJBZ0H.png, id=154, 130.24484pt x 80.21176pt>
File: MXAJBZ0H.png Graphic file (type png)
 <use MXAJBZ0H.png>
Package pdftex.def Info: MXAJBZ0H.png used on input line 1971.
(pdftex.def)             Requested size: 115.6254pt x 71.93777pt.
 [33 <./MXAJBZ0G.png> <./MXAJBZ0H.png>] <MXAJBZ0I.png, id=160, 393.91121pt x 37
4.85098pt>
File: MXAJBZ0I.png Graphic file (type png)

<use MXAJBZ0I.png>
Package pdftex.def Info: MXAJBZ0I.png used on input line 2004.
(pdftex.def)             Requested size: 90.36926pt x 86.00227pt.
 [34 <./MXAJBZ0I.png>]
<MXAJBZ0J.png, id=165, 365.32088pt x 444.73846pt>
File: MXAJBZ0J.png Graphic file (type png)
 <use MXAJBZ0J.png>
Package pdftex.def Info: MXAJBZ0J.png used on input line 2042.
(pdftex.def)             Requested size: 85.74449pt x 104.24889pt.
 [35 <./MXAJBZ0J.png>] [36] [37] [38] [39] [40] [41] [42] [43] [44] [45] [46] [
47]
[48]
Overfull \hbox (7.69724pt too wide) detected at line 3011
[] \OT1/cmr/m/n/10 = []\OML/cmm/m/it/10 :
 []

[49] [50] [51] [52] [53]
Overfull \hbox (0.3038pt too wide) in paragraph at lines 3418--3421
\OT1/cmr/m/n/10 that is $\OML/cmm/m/it/10 M$ \OT1/cmr/m/n/10 is the ma-trix tha
t gives the trans-for-ma-tion $[]$ in $[]$-coordinates. 
 []


Overfull \hbox (2.9565pt too wide) in paragraph at lines 3422--3426
[]\OT1/cmr/m/n/10 So how would we check whether a trans-for-ma-tion given in $[
]$-coordinates
 []

[54] [55]
Overfull \hbox (7.59612pt too wide) in paragraph at lines 3516--3516
[]\OT1/cmr/bx/n/12 The two-dimensional ge-ome-tries in $[]$-coordinates 
 []

[56] [57]
Overfull \hbox (6.90077pt too wide) in paragraph at lines 3653--3657
\OT1/cmr/m/n/10 take the sur-face $[]$ to it-self and-p-re-serve the length of 
any curve $[]$
 []


Overfull \hbox (17.71135pt too wide) detected at line 3691
[] \OMS/cmsy/m/n/10 ^^A \OML/cmm/m/it/10 M \OMS/cmsy/m/n/10 ^^A [] ^^A [][] \OT
1/cmr/m/n/10 = [] \OMS/cmsy/m/n/10 ^^A [] ^^A [][] \OML/cmm/m/it/10 :
 []


Overfull \hbox (0.65034pt too wide) in paragraph at lines 3715--3719
[]\OT1/cmr/m/it/10 b) Show that, if $\OML/cmm/m/it/10 M$ \OT1/cmr/m/it/10 sat-i
s-fies the iden-tity 32[],then the trans-for-ma-tion $[] \OT1/cmr/m/n/10 =
 []

[58]
Overfull \hbox (5.07039pt too wide) in paragraph at lines 3779--3781
[]\OT1/cmr/m/it/10 A $\OML/cmm/m/it/10 K$\OT1/cmr/m/it/10 -distance-preserving 
trans-for-ma-tion of $\OML/cmm/m/it/10 K$\OT1/cmr/m/it/10 -geometry is called
 []

[59] [60] <MXAJBZ0K.png, id=251, 381.20439pt x 191.39638pt>
File: MXAJBZ0K.png Graphic file (type png)
 <use MXAJBZ0K.png>
Package pdftex.def Info: MXAJBZ0K.png used on input line 3923.
(pdftex.def)             Requested size: 194.05684pt x 97.8766pt.

<MXAJBZ0L.png, id=252, 414.55978pt x 250.95956pt>
File: MXAJBZ0L.png Graphic file (type png)
 <use MXAJBZ0L.png>
Package pdftex.def Info: MXAJBZ0L.png used on input line 3940.
(pdftex.def)             Requested size: 194.50153pt x 118.12715pt.

Overfull \hbox (82.55836pt too wide) in paragraph at lines 3907--3944
[][] 
 []

[61 <./MXAJBZ0K.png> <./MXAJBZ0L.png>] [62] [63]
Overfull \hbox (43.90034pt too wide) in paragraph at lines 4170--4170
[] 
 []

[64] [65] [66] [67] <MXAJBZ0M.png, id=276, 354.9966pt x 246.1945pt>
File: MXAJBZ0M.png Graphic file (type png)

<use MXAJBZ0M.png>
Package pdftex.def Info: MXAJBZ0M.png used on input line 4480.
(pdftex.def)             Requested size: 201.56471pt x 140.1257pt.
 <MXAJBZ0N.png, id=277, 353.40825pt x 308.14021pt>
File: MXAJBZ0N.png Graphic file (type png)

<use MXAJBZ0N.png>
Package pdftex.def Info: MXAJBZ0N.png used on input line 4497.
(pdftex.def)             Requested size: 160.8711pt x 140.31685pt.

Overfull \hbox (56.4358pt too wide) in paragraph at lines 4465--4501
[][] 
 []

[68 <./MXAJBZ0M.png> <./MXAJBZ0N.png>] [69]
Overfull \hbox (44.61227pt too wide) in paragraph at lines 4633--4633
[] 
 []

[70] [71] [72] [73]
Overfull \hbox (16.95457pt too wide) in paragraph at lines 4815--4815
[]\OT1/cmr/bx/n/14.4 Relationship be-tween cen-tral and stere-o-graphic
 []

[74] [75] [76] [77] [78] [79] [80] [81] [82] [83]
Overfull \hbox (1.78897pt too wide) in paragraph at lines 5363--5363
[]\OT1/cmr/bx/n/12 Spherical co-or-di-nates, a short-est path from the North
 []


Overfull \hbox (9.1661pt too wide) in paragraph at lines 5382--5384
[]\OT1/cmr/m/it/10 (\OT1/cmr/bx/it/10 SG\OT1/cmr/m/it/10 ) Show that these sphe
r-i-cal co-or-di-nates do ac-tu-ally parametrize
 []


Overfull \hbox (2.1358pt too wide) in paragraph at lines 5391--5395
[]\OT1/cmr/m/n/10 Notice that you can write a path on the $\OML/cmm/m/it/10 R$\
OT1/cmr/m/n/10 -sphere by giv-ing a path $[]$
 []


Overfull \hbox (7.78369pt too wide) in paragraph at lines 5441--5445
[]\OT1/cmr/m/it/10 c) For two paths in $\OML/cmm/m/it/10 K$\OT1/cmr/m/it/10 -ge
ometry given by paths $[]$ and $[]$
 []

[84]
Overfull \hbox (6.67351pt too wide) detected at line 5480
[] \OMS/cmsy/m/n/10 ^^O[] [] \OT1/cmr/m/n/10 = [] \OMS/cmsy/m/n/10 ^^A [] ^^A [
][]
 []


Overfull \hbox (14.33702pt too wide) in paragraph at lines 5520--5529
[]$ \OT1/cmr/m/n/10 to $[] = []$.
 []

[85] [86]
Overfull \hbox (8.45981pt too wide) in paragraph at lines 5563--5566
[]\OT1/cmr/m/it/10 (\OT1/cmr/bx/it/10 SG\OT1/cmr/m/it/10 ) Given any two points
 $\OML/cmm/m/it/10 X[] \OT1/cmr/m/n/10 = []$ \OT1/cmr/m/it/10 and $\OML/cmm/m/i
t/10 X[] \OT1/cmr/m/n/10 = []$
 []


Overfull \hbox (17.37996pt too wide) in paragraph at lines 5589--5593
\OT1/cmr/m/n/10 for some $\OML/cmm/m/it/10 "$ \OT1/cmr/m/n/10 since all points 
in $\OML/cmm/m/it/10 K$\OT1/cmr/m/n/10 -geometry with $[]$$= 0$ can be writ-ten
 as $[]$
 []

[87] [88]
Overfull \hbox (4.34642pt too wide) in paragraph at lines 5689--5693
[]\OT1/cmr/m/it/10 Show that cen-tral pro-jec-tion of a point on the $\OML/cmm/
m/it/10 R$\OT1/cmr/m/it/10 -sphere in $[]$-
 []

[89] [90] [91] [92] [93] [94] [95]
Overfull \hbox (0.70049pt too wide) in paragraph at lines 6039--6043
\OT1/cmr/m/n/10 preserve the length of any curve $[]$ ly-ing on the $\OML/cmm/m
/it/10 R$\OT1/cmr/m/n/10 -sphere. Rewrit-
 []

[96] [97] [98] [99] [100]
Overfull \hbox (16.48268pt too wide) in paragraph at lines 6320--6322
[]\OT1/cmr/m/it/10 (\OT1/cmr/bx/it/10 HG\OT1/cmr/m/it/10 ) Show that these hy-p
er-bolic co-or-di-nates do ac-tu-ally parametrize
 []

[101]
Overfull \hbox (58.75964pt too wide) in paragraph at lines 6405--6405
[] 
 []


Overfull \hbox (128.29547pt too wide) in paragraph at lines 6442--6452
[]$ \OT1/cmr/m/n/10 to $[] = []$.
 []

[102] [103]
Overfull \hbox (11.0042pt too wide) in paragraph at lines 6483--6486
[]\OT1/cmr/m/it/10 (\OT1/cmr/bx/it/10 HG\OT1/cmr/m/it/10 ) Given any two points
 $\OML/cmm/m/it/10 X[] \OT1/cmr/m/n/10 = []$ \OT1/cmr/m/it/10 and $\OML/cmm/m/i
t/10 X[] \OT1/cmr/m/n/10 = []$
 []


Overfull \hbox (63.01535pt too wide) in paragraph at lines 6541--6555
\OT1/cmr/m/n/10 for some $\OML/cmm/m/it/10 "$ \OT1/cmr/m/n/10 since all points 
in $\OML/cmm/m/it/10 K$\OT1/cmr/m/n/10 -geometry with $\OML/cmm/m/it/10 y \OT1/
cmr/m/n/10 = 0$ can be writ-ten as $[]$
 []


Overfull \hbox (4.43063pt too wide) in paragraph at lines 6541--6555
\OT1/cmr/m/n/10 to $\OML/cmm/m/it/10 X[]$ \OT1/cmr/m/n/10 to the short-est path
 from $\OML/cmm/m/it/10 X[] \OMS/cmsy/m/n/10 ^^A \OML/cmm/m/it/10 M \OT1/cmr/m/
n/10 = \OML/cmm/m/it/10 N$ \OT1/cmr/m/n/10 to $\OML/cmm/m/it/10 X[] \OMS/cmsy/m
/n/10 ^^A \OML/cmm/m/it/10 M \OT1/cmr/m/n/10 = []$.
 []

[104] [105] [106] <MXAJC00O.png, id=404, 590.8668pt x 524.15604pt>
File: MXAJC00O.png Graphic file (type png)

<use MXAJC00O.png>
Package pdftex.def Info: MXAJC00O.png used on input line 6655.
(pdftex.def)             Requested size: 81.11595pt x 71.9337pt.
 [107 <./MXAJC00O.png>] [108]
Overfull \hbox (21.34631pt too wide) in paragraph at lines 6809--6816
\OT1/cmr/m/n/10 given by the two points $[]$, $[]$ and the two points $[]$
 []


Overfull \hbox (86.54633pt too wide) detected at line 6849
\OML/cmm/m/it/10 d[] [] \OT1/cmr/m/n/10 = [][] [] \OML/cmm/m/it/10 :
 []

<MXAJC00P.png, id=412, 714.75824pt x 663.93098pt>
File: MXAJC00P.png Graphic file (type png)
 <use MXAJC00P.png>
Package pdftex.def Info: MXAJC00P.png used on input line 6873.
(pdftex.def)             Requested size: 122.43433pt x 113.80893pt.
 [109 <./MXAJC00P.png>]
Overfull \hbox (21.85211pt too wide) in paragraph at lines 6932--6932
[] 
 []

[110] [111]
Overfull \hbox (47.37529pt too wide) in paragraph at lines 6960--6969
\OT1/cmr/m/n/10 plane with ver-tices $[]$, $[]$ and $[]$.
 []

[112]
Overfull \hbox (11.19496pt too wide) in paragraph at lines 7044--7049
\OT1/cmr/m/n/10 Under stere-o-graphic pro-jec-tion, the cen-ter of pro-jec-tion
 is the South Pole $[]$.
 []

<MXAJC00Q.png, id=427, 829.11957pt x 657.57758pt>
File: MXAJC00Q.png Graphic file (type png)
 <use MXAJC00Q.png>
Package pdftex.def Info: MXAJC00Q.png used on input line 7086.
(pdftex.def)             Requested size: 136.1283pt x 108.11433pt.
 [113 <./MXAJC00Q.png>] [114] [115] <MXAJC00R.png, id=439, 584.51341pt x 584.51
341pt>
File: MXAJC00R.png Graphic file (type png)

<use MXAJC00R.png>
Package pdftex.def Info: MXAJC00R.png used on input line 7243.
(pdftex.def)             Requested size: 116.6152pt x 108.24031pt.
 [116 <./MXAJC00R.png>]
<MXAJC00S.png, id=444, 749.70198pt x 749.70198pt>
File: MXAJC00S.png Graphic file (type png)
 <use MXAJC00S.png>
Package pdftex.def Info: MXAJC00S.png used on input line 7284.
(pdftex.def)             Requested size: 121.17879pt x 121.17879pt.
 [117 <./MXAJC00S.png>] <MXAJC00T.png, id=449, 1175.38022pt x 654.40088pt>
File: MXAJC00T.png Graphic file (type png)

<use MXAJC00T.png>
Package pdftex.def Info: MXAJC00T.png used on input line 7318.
(pdftex.def)             Requested size: 216.56313pt x 120.93245pt.
 [118 <./MXAJC00T.png>] (./geometryBook.aux) ) 
Here is how much of TeX's memory you used:
 2778 strings out of 493311
 35000 string characters out of 6143650
 106109 words of memory out of 5000000
 6163 multiletter control sequences out of 15000+600000
 17900 words of font info for 67 fonts, out of 8000000 for 9000
 957 hyphenation exceptions out of 8191
 37i,17n,24p,254b,269s stack positions out of 5000i,500n,10000p,200000b,80000s
</usr/share/texmf-dist/fonts/type
1/public/amsfonts/cm/cmbx10.pfb></usr/share/texmf-dist/fonts/type1/public/amsfo
nts/cm/cmbx12.pfb></usr/share/texmf-dist/fonts/type1/public/amsfonts/cm/cmbxti1
0.pfb></usr/share/texmf-dist/fonts/type1/public/amsfonts/cm/cmex10.pfb></usr/sh
are/texmf-dist/fonts/type1/public/amsfonts/cmextra/cmex7.pfb></usr/share/texmf-
dist/fonts/type1/public/amsfonts/cm/cmmi10.pfb></usr/share/texmf-dist/fonts/typ
e1/public/amsfonts/cm/cmmi12.pfb></usr/share/texmf-dist/fonts/type1/public/amsf
onts/cm/cmmi5.pfb></usr/share/texmf-dist/fonts/type1/public/amsfonts/cm/cmmi7.p
fb></usr/share/texmf-dist/fonts/type1/public/amsfonts/cm/cmr10.pfb></usr/share/
texmf-dist/fonts/type1/public/amsfonts/cm/cmr12.pfb></usr/share/texmf-dist/font
s/type1/public/amsfonts/cm/cmr5.pfb></usr/share/texmf-dist/fonts/type1/public/a
msfonts/cm/cmr7.pfb></usr/share/texmf-dist/fonts/type1/public/amsfonts/cm/cmsy1
0.pfb></usr/share/texmf-dist/fonts/type1/public/amsfonts/cm/cmsy5.pfb></usr/sha
re/texmf-dist/fonts/type1/public/amsfonts/cm/cmsy7.pfb></usr/share/texmf-dist/f
onts/type1/public/amsfonts/cm/cmti10.pfb></usr/share/texmf-dist/fonts/type1/pub
lic/amsfonts/cm/cmti12.pfb></usr/share/texmf-dist/fonts/type1/public/amsfonts/s
ymbols/msam10.pfb></usr/share/texmf-dist/fonts/type1/public/amsfonts/symbols/ms
bm10.pfb>
Output written on geometryBook.pdf (118 pages, 1090379 bytes).
PDF statistics:
 522 PDF objects out of 1000 (max. 8388607)
 322 compressed objects within 4 object streams
 0 named destinations out of 1000 (max. 500000)
 151 words of extra memory for PDF output out of 10000 (max. 10000000)

