This is pdfTeX, Version 3.14159265-2.6-1.40.20 (TeX Live 2019) (preloaded format=pdflatex 2020.10.13)  14 OCT 2020 11:27
entering extended mode
 restricted \write18 enabled.
 file:line:error style messages enabled.
 %&-line parsing enabled.
**congruencesThatIsRigidMotions.tex
(./congruencesThatIsRigidMotions.tex
LaTeX2e <2019-10-01>

! LaTeX Error: File `ximera.cls' not found.

Type X to quit or <RETURN> to proceed,
or enter new name. (Default extension: cls)

Enter file name: 
./congruencesThatIsRigidMotions.tex:2: Emergency stop.
<read *> 
         
l.2 ^^M
       
End of file on the terminal!

 
Here is how much of TeX's memory you used:
 11 strings out of 493610
 278 string characters out of 6159292
 55421 words of memory out of 5000000
 4264 multiletter control sequences out of 15000+600000
 3640 words of font info for 14 fonts, out of 8000000 for 9000
 319 hyphenation exceptions out of 8191
 10i,0n,8p,81b,10s stack positions out of 5000i,500n,10000p,200000b,80000s
./congruencesThatIsRigidMotions.tex:2:  ==> Fatal error occurred, no output PDF
 file produced!
